<?xml version="1.0"?>
<testsuite name="NativeScript / 34 (14; sdk_gphone64_x86_64)" package="" timestamp="2023-09-30T19:02:31" id="0" hostname="loto" tests="1" errors="0" failures="0" time="0.001">
  <properties>
    <property name="browser.fullName" value="NativeScript / 34 (14; sdk_gphone64_x86_64)"/>
  </properties>
  <testcase name="StartingPoint constructor successfully instansiates an object" time="0.001" classname="NativeScript_/_34_(14;_sdk_gphone64_x86_64).StartingPoint constructor"/>
  <system-out>
    <![CDATA[NativeScript / 34 (14; sdk_gphone64_x86_64) ERROR
  Disconnected Client disconnected from CONNECTED state (client namespace disconnect)

]]>
  </system-out>
  <system-err/>
</testsuite>